  소스.cpp
C:\Program Files\Microsoft Visual Studio\2022\Community\VC\Tools\MSVC\14.38.33130\include\xutility(255,61): warning C4244: '초기화 중': '__int64'에서 'int'(으)로 변환하면서 데이터가 손실될 수 있습니다.
  (소스 파일 '소스.cpp'을(를) 컴파일하는 중)
  C:\Program Files\Microsoft Visual Studio\2022\Community\VC\Tools\MSVC\14.38.33130\include\xutility(255,61):
  템플릿 인스턴스화 컨텍스트(가장 오래된 인스턴스화 컨텍스트)가
  	C:\Users\user\Desktop\백준 문제\30969번 진주로 가자! (Hard)\30969번 진주로 가자! (Hard)\소스.cpp(23,5):
  	컴파일되는 함수 템플릿 인스턴스화 'void std::vector<int,std::allocator<int>>::emplace_back<__int64&>(__int64 &)'에 대한 참조를 확인하세요.
  	C:\Program Files\Microsoft Visual Studio\2022\Community\VC\Tools\MSVC\14.38.33130\include\vector(862,24):
  	컴파일되는 함수 템플릿 인스턴스화 '_Ty &std::vector<_Ty,std::allocator<_Ty>>::_Emplace_one_at_back<__int64&>(__int64 &)'에 대한 참조를 확인하세요.
          with
          [
              _Ty=int
          ]
  	C:\Program Files\Microsoft Visual Studio\2022\Community\VC\Tools\MSVC\14.38.33130\include\vector(780,20):
  	컴파일되는 함수 템플릿 인스턴스화 '_Ty &std::vector<_Ty,std::allocator<_Ty>>::_Emplace_back_with_unused_capacity<__int64&>(__int64 &)'에 대한 참조를 확인하세요.
          with
          [
              _Ty=int
          ]
  	C:\Program Files\Microsoft Visual Studio\2022\Community\VC\Tools\MSVC\14.38.33130\include\vector(795,13):
  	컴파일되는 함수 템플릿 인스턴스화 'void std::_Construct_in_place<int,__int64&>(_Ty &,__int64 &) noexcept'에 대한 참조를 확인하세요.
          with
          [
              _Ty=int
          ]
  
C:\Program Files\Microsoft Visual Studio\2022\Community\VC\Tools\MSVC\14.38.33130\include\xmemory(723,82): warning C4244: '초기화 중': '__int64'에서 '_Objty'(으)로 변환하면서 데이터가 손실될 수 있습니다.
C:\Program Files\Microsoft Visual Studio\2022\Community\VC\Tools\MSVC\14.38.33130\include\xmemory(723,82): warning C4244:         with
C:\Program Files\Microsoft Visual Studio\2022\Community\VC\Tools\MSVC\14.38.33130\include\xmemory(723,82): warning C4244:         [
C:\Program Files\Microsoft Visual Studio\2022\Community\VC\Tools\MSVC\14.38.33130\include\xmemory(723,82): warning C4244:             _Objty=int
C:\Program Files\Microsoft Visual Studio\2022\Community\VC\Tools\MSVC\14.38.33130\include\xmemory(723,82): warning C4244:         ]
  (소스 파일 '소스.cpp'을(를) 컴파일하는 중)
  C:\Program Files\Microsoft Visual Studio\2022\Community\VC\Tools\MSVC\14.38.33130\include\xmemory(723,82):
  템플릿 인스턴스화 컨텍스트(가장 오래된 인스턴스화 컨텍스트)가
  	C:\Program Files\Microsoft Visual Studio\2022\Community\VC\Tools\MSVC\14.38.33130\include\vector(783,17):
  	컴파일되는 함수 템플릿 인스턴스화 'int *std::vector<int,std::allocator<int>>::_Emplace_reallocate<__int64&>(int *const ,__int64 &)'에 대한 참조를 확인하세요.
  	C:\Program Files\Microsoft Visual Studio\2022\Community\VC\Tools\MSVC\14.38.33130\include\vector(834,23):
  	컴파일되는 함수 템플릿 인스턴스화 'void std::_Default_allocator_traits<_Alloc>::construct<_Ty,__int64&>(_Alloc &,_Objty *const ,__int64 &)'에 대한 참조를 확인하세요.
          with
          [
              _Alloc=std::allocator<int>,
              _Ty=int,
              _Objty=int
          ]
  
  30969번 진주로 가자! (Hard).vcxproj -> C:\Users\user\Desktop\백준 문제\30969번 진주로 가자! (Hard)\x64\Debug\30969번 진주로 가자! (Hard).exe
